[DEBUG] 2025-11-11 01:43:44,821 - django.db.backends: (0.000) 
                SELECT VERSION(),
                       @@sql_mode,
                       @@default_storage_engine,
                       @@sql_auto_is_null,
                       @@lower_case_table_names,
                       CONVERT_TZ('2001-01-01 01:00:00', 'UTC', 'UTC') IS NOT NULL
            ; args=None; alias=default
[DEBUG] 2025-11-11 01:43:44,822 - django.db.backends: (0.000) SET SESSION TRANSACTION ISOLATION LEVEL READ COMMITTED; args=None; alias=default
[DEBUG] 2025-11-11 01:43:44,823 - django.db.backends: (0.001) 
            SELECT
                table_name,
                table_type,
                table_comment
            FROM information_schema.tables
            WHERE table_schema = DATABASE()
            ; args=None; alias=default
[DEBUG] 2025-11-11 01:43:44,825 - django.db.backends: (0.000) SELECT `django_migrations`.`id`, `django_migrations`.`app`, `django_migrations`.`name`, `django_migrations`.`applied` FROM `django_migrations`; args=(); alias=default
[DEBUG] 2025-11-11 02:06:43,320 - django.db.backends: (0.002) 
                SELECT VERSION(),
                       @@sql_mode,
                       @@default_storage_engine,
                       @@sql_auto_is_null,
                       @@lower_case_table_names,
                       CONVERT_TZ('2001-01-01 01:00:00', 'UTC', 'UTC') IS NOT NULL
            ; args=None; alias=default
[DEBUG] 2025-11-11 02:06:43,320 - django.db.backends: (0.000) SET SESSION TRANSACTION ISOLATION LEVEL READ COMMITTED; args=None; alias=default
[DEBUG] 2025-11-11 02:06:43,326 - django.db.backends: (0.005) 
            SELECT
                table_name,
                table_type,
                table_comment
            FROM information_schema.tables
            WHERE table_schema = DATABASE()
            ; args=None; alias=default
[DEBUG] 2025-11-11 02:06:43,332 - django.db.backends: (0.004) SELECT `django_migrations`.`id`, `django_migrations`.`app`, `django_migrations`.`name`, `django_migrations`.`applied` FROM `django_migrations`; args=(); alias=default
[DEBUG] 2025-11-11 22:09:36,954 - django.db.backends: (0.001) 
                SELECT VERSION(),
                       @@sql_mode,
                       @@default_storage_engine,
                       @@sql_auto_is_null,
                       @@lower_case_table_names,
                       CONVERT_TZ('2001-01-01 01:00:00', 'UTC', 'UTC') IS NOT NULL
            ; args=None; alias=default
[DEBUG] 2025-11-11 22:09:36,955 - django.db.backends: (0.000) SET SESSION TRANSACTION ISOLATION LEVEL READ COMMITTED; args=None; alias=default
[DEBUG] 2025-11-11 22:09:36,955 - django.db.backends: (0.000) 
                SELECT VERSION(),
                       @@sql_mode,
                       @@default_storage_engine,
                       @@sql_auto_is_null,
                       @@lower_case_table_names,
                       CONVERT_TZ('2001-01-01 01:00:00', 'UTC', 'UTC') IS NOT NULL
            ; args=None; alias=default
[DEBUG] 2025-11-11 22:09:37,018 - django.db.backends: (0.000) SET SESSION TRANSACTION ISOLATION LEVEL READ COMMITTED; args=None; alias=default
[DEBUG] 2025-11-11 22:09:37,020 - django.db.backends: (0.001) 
            SELECT
                table_name,
                table_type,
                table_comment
            FROM information_schema.tables
            WHERE table_schema = DATABASE()
            ; args=None; alias=default
[DEBUG] 2025-11-11 22:09:37,022 - django.db.backends: (0.001) 
            SELECT
                table_name,
                table_type,
                table_comment
            FROM information_schema.tables
            WHERE table_schema = DATABASE()
            ; args=None; alias=default
[DEBUG] 2025-11-11 22:09:37,023 - django.db.backends: (0.000) 
            SELECT
                table_name,
                table_type,
                table_comment
            FROM information_schema.tables
            WHERE table_schema = DATABASE()
            ; args=None; alias=default
[DEBUG] 2025-11-11 22:09:37,023 - django.db.backends.schema: CREATE TABLE `django_migrations` (`id` bigint AUTO_INCREMENT NOT NULL PRIMARY KEY, `app` varchar(255) NOT NULL, `name` varchar(255) NOT NULL, `applied` datetime(6) NOT NULL); (params None)
[DEBUG] 2025-11-11 22:09:37,044 - django.db.backends: (0.020) CREATE TABLE `django_migrations` (`id` bigint AUTO_INCREMENT NOT NULL PRIMARY KEY, `app` varchar(255) NOT NULL, `name` varchar(255) NOT NULL, `applied` datetime(6) NOT NULL); args=None; alias=default
[DEBUG] 2025-11-11 22:09:37,046 - django.db.backends.schema: CREATE TABLE `django_content_type` (`id` integer AUTO_INCREMENT NOT NULL PRIMARY KEY, `name` varchar(100) NOT NULL, `app_label` varchar(100) NOT NULL, `model` varchar(100) NOT NULL); (params None)
[DEBUG] 2025-11-11 22:09:37,059 - django.db.backends: (0.013) CREATE TABLE `django_content_type` (`id` integer AUTO_INCREMENT NOT NULL PRIMARY KEY, `name` varchar(100) NOT NULL, `app_label` varchar(100) NOT NULL, `model` varchar(100) NOT NULL); args=None; alias=default
[DEBUG] 2025-11-11 22:09:37,062 - django.db.backends.schema: ALTER TABLE `django_content_type` ADD CONSTRAINT `django_content_type_app_label_model_76bd3d3b_uniq` UNIQUE (`app_label`, `model`); (params ())
[DEBUG] 2025-11-11 22:09:37,083 - django.db.backends: (0.021) ALTER TABLE `django_content_type` ADD CONSTRAINT `django_content_type_app_label_model_76bd3d3b_uniq` UNIQUE (`app_label`, `model`); args=(); alias=default
[DEBUG] 2025-11-11 22:09:37,085 - django.db.backends: (0.001) 
            SELECT
                table_name,
                table_type,
                table_comment
            FROM information_schema.tables
            WHERE table_schema = DATABASE()
            ; args=None; alias=default
[DEBUG] 2025-11-11 22:09:37,088 - django.db.backends: (0.003) INSERT INTO `django_migrations` (`app`, `name`, `applied`) VALUES ('contenttypes', '0001_initial', '2025-11-11 22:09:37.085771'); args=['contenttypes', '0001_initial', '2025-11-11 22:09:37.085771']; alias=default
[DEBUG] 2025-11-11 22:09:37,090 - django.db.backends.schema: ALTER TABLE `django_content_type` MODIFY `name` varchar(100) NULL; (params [])
[DEBUG] 2025-11-11 22:09:37,115 - django.db.backends: (0.025) ALTER TABLE `django_content_type` MODIFY `name` varchar(100) NULL; args=[]; alias=default
[DEBUG] 2025-11-11 22:09:37,116 - django.db.backends: (0.000) BEGIN; args=None; alias=default
[DEBUG] 2025-11-11 22:09:37,117 - django.db.backends: (0.000) COMMIT; args=None; alias=default
[DEBUG] 2025-11-11 22:09:37,118 - django.db.backends.schema: ALTER TABLE `django_content_type` DROP COLUMN `name`; (params ())
[DEBUG] 2025-11-11 22:09:37,143 - django.db.backends: (0.025) ALTER TABLE `django_content_type` DROP COLUMN `name`; args=(); alias=default
[DEBUG] 2025-11-11 22:09:37,145 - django.db.backends: (0.002) INSERT INTO `django_migrations` (`app`, `name`, `applied`) VALUES ('contenttypes', '0002_remove_content_type_name', '2025-11-11 22:09:37.144007'); args=['contenttypes', '0002_remove_content_type_name', '2025-11-11 22:09:37.144007']; alias=default
[DEBUG] 2025-11-11 22:09:37,147 - django.db.backends.schema: CREATE TABLE `auth_permission` (`id` integer AUTO_INCREMENT NOT NULL PRIMARY KEY, `name` varchar(50) NOT NULL, `content_type_id` integer NOT NULL, `codename` varchar(100) NOT NULL); (params None)
[DEBUG] 2025-11-11 22:09:37,160 - django.db.backends: (0.013) CREATE TABLE `auth_permission` (`id` integer AUTO_INCREMENT NOT NULL PRIMARY KEY, `name` varchar(50) NOT NULL, `content_type_id` integer NOT NULL, `codename` varchar(100) NOT NULL); args=None; alias=default
[DEBUG] 2025-11-11 22:09:37,161 - django.db.backends: (0.001) 
            SELECT engine
            FROM information_schema.tables
            WHERE
                table_name = 'auth_permission' AND
                table_schema = DATABASE()
            ; args=['auth_permission']; alias=default
[DEBUG] 2025-11-11 22:09:37,163 - django.db.backends.schema: CREATE TABLE `auth_group` (`id` integer AUTO_INCREMENT NOT NULL PRIMARY KEY, `name` varchar(80) NOT NULL UNIQUE); (params None)
[DEBUG] 2025-11-11 22:09:37,178 - django.db.backends: (0.015) CREATE TABLE `auth_group` (`id` integer AUTO_INCREMENT NOT NULL PRIMARY KEY, `name` varchar(80) NOT NULL UNIQUE); args=None; alias=default
[DEBUG] 2025-11-11 22:09:37,179 - django.db.backends.schema: CREATE TABLE `auth_group_permissions` (`id` bigint AUTO_INCREMENT NOT NULL PRIMARY KEY, `group_id` integer NOT NULL, `permission_id` integer NOT NULL); (params None)
[DEBUG] 2025-11-11 22:09:37,191 - django.db.backends: (0.012) CREATE TABLE `auth_group_permissions` (`id` bigint AUTO_INCREMENT NOT NULL PRIMARY KEY, `group_id` integer NOT NULL, `permission_id` integer NOT NULL); args=None; alias=default
[DEBUG] 2025-11-11 22:09:37,192 - django.db.backends: (0.001) 
            SELECT engine
            FROM information_schema.tables
            WHERE
                table_name = 'auth_group_permissions' AND
                table_schema = DATABASE()
            ; args=['auth_group_permissions']; alias=default
[DEBUG] 2025-11-11 22:09:37,193 - django.db.backends: (0.000) 
            SELECT engine
            FROM information_schema.tables
            WHERE
                table_name = 'auth_group_permissions' AND
                table_schema = DATABASE()
            ; args=['auth_group_permissions']; alias=default
[DEBUG] 2025-11-11 22:09:37,196 - django.db.backends.schema: ALTER TABLE `auth_permission` ADD CONSTRAINT `auth_permission_content_type_id_codename_01ab375a_uniq` UNIQUE (`content_type_id`, `codename`); (params None)
[DEBUG] 2025-11-11 22:09:37,206 - django.db.backends: (0.010) ALTER TABLE `auth_permission` ADD CONSTRAINT `auth_permission_content_type_id_codename_01ab375a_uniq` UNIQUE (`content_type_id`, `codename`); args=None; alias=default
[DEBUG] 2025-11-11 22:09:37,207 - django.db.backends.schema: ALTER TABLE `auth_permission` ADD CONSTRAINT `auth_permission_content_type_id_2f476e4b_fk_django_co` FOREIGN KEY (`content_type_id`) REFERENCES `django_content_type` (`id`); (params None)
[DEBUG] 2025-11-11 22:09:37,240 - django.db.backends: (0.033) ALTER TABLE `auth_permission` ADD CONSTRAINT `auth_permission_content_type_id_2f476e4b_fk_django_co` FOREIGN KEY (`content_type_id`) REFERENCES `django_content_type` (`id`); args=None; alias=default
[DEBUG] 2025-11-11 22:09:37,241 - django.db.backends.schema: ALTER TABLE `auth_group_permissions` ADD CONSTRAINT `auth_group_permissions_group_id_permission_id_0cd325b0_uniq` UNIQUE (`group_id`, `permission_id`); (params None)
[DEBUG] 2025-11-11 22:09:37,250 - django.db.backends: (0.009) ALTER TABLE `auth_group_permissions` ADD CONSTRAINT `auth_group_permissions_group_id_permission_id_0cd325b0_uniq` UNIQUE (`group_id`, `permission_id`); args=None; alias=default
[DEBUG] 2025-11-11 22:09:37,251 - django.db.backends.schema: ALTER TABLE `auth_group_permissions` ADD CONSTRAINT `auth_group_permissions_group_id_b120cbf9_fk_auth_group_id` FOREIGN KEY (`group_id`) REFERENCES `auth_group` (`id`); (params None)
[DEBUG] 2025-11-11 22:09:37,287 - django.db.backends: (0.036) ALTER TABLE `auth_group_permissions` ADD CONSTRAINT `auth_group_permissions_group_id_b120cbf9_fk_auth_group_id` FOREIGN KEY (`group_id`) REFERENCES `auth_group` (`id`); args=None; alias=default
[DEBUG] 2025-11-11 22:09:37,288 - django.db.backends.schema: ALTER TABLE `auth_group_permissions` ADD CONSTRAINT `auth_group_permissio_permission_id_84c5c92e_fk_auth_perm` FOREIGN KEY (`permission_id`) REFERENCES `auth_permission` (`id`); (params None)
[DEBUG] 2025-11-11 22:09:37,324 - django.db.backends: (0.035) ALTER TABLE `auth_group_permissions` ADD CONSTRAINT `auth_group_permissio_permission_id_84c5c92e_fk_auth_perm` FOREIGN KEY (`permission_id`) REFERENCES `auth_permission` (`id`); args=None; alias=default
[DEBUG] 2025-11-11 22:09:37,327 - django.db.backends: (0.002) INSERT INTO `django_migrations` (`app`, `name`, `applied`) VALUES ('auth', '0001_initial', '2025-11-11 22:09:37.325192'); args=['auth', '0001_initial', '2025-11-11 22:09:37.325192']; alias=default
[DEBUG] 2025-11-11 22:09:37,330 - django.db.backends.schema: ALTER TABLE `auth_permission` MODIFY `name` varchar(255) NOT NULL; (params [])
[DEBUG] 2025-11-11 22:09:37,365 - django.db.backends: (0.034) ALTER TABLE `auth_permission` MODIFY `name` varchar(255) NOT NULL; args=[]; alias=default
[DEBUG] 2025-11-11 22:09:37,368 - django.db.backends: (0.002) INSERT INTO `django_migrations` (`app`, `name`, `applied`) VALUES ('auth', '0002_alter_permission_name_max_length', '2025-11-11 22:09:37.366002'); args=['auth', '0002_alter_permission_name_max_length', '2025-11-11 22:09:37.366002']; alias=default
[DEBUG] 2025-11-11 22:09:37,373 - django.db.backends: (0.002) INSERT INTO `django_migrations` (`app`, `name`, `applied`) VALUES ('auth', '0003_alter_user_email_max_length', '2025-11-11 22:09:37.370999'); args=['auth', '0003_alter_user_email_max_length', '2025-11-11 22:09:37.370999']; alias=default
[DEBUG] 2025-11-11 22:09:37,376 - django.db.backends: (0.001) INSERT INTO `django_migrations` (`app`, `name`, `applied`) VALUES ('auth', '0004_alter_user_username_opts', '2025-11-11 22:09:37.375447'); args=['auth', '0004_alter_user_username_opts', '2025-11-11 22:09:37.375447']; alias=default
[DEBUG] 2025-11-11 22:09:37,380 - django.db.backends: (0.001) INSERT INTO `django_migrations` (`app`, `name`, `applied`) VALUES ('auth', '0005_alter_user_last_login_null', '2025-11-11 22:09:37.379190'); args=['auth', '0005_alter_user_last_login_null', '2025-11-11 22:09:37.379190']; alias=default
[DEBUG] 2025-11-11 22:09:37,383 - django.db.backends: (0.002) INSERT INTO `django_migrations` (`app`, `name`, `applied`) VALUES ('auth', '0006_require_contenttypes_0002', '2025-11-11 22:09:37.381124'); args=['auth', '0006_require_contenttypes_0002', '2025-11-11 22:09:37.381124']; alias=default
[DEBUG] 2025-11-11 22:09:37,388 - django.db.backends: (0.003) INSERT INTO `django_migrations` (`app`, `name`, `applied`) VALUES ('auth', '0007_alter_validators_add_error_messages', '2025-11-11 22:09:37.385431'); args=['auth', '0007_alter_validators_add_error_messages', '2025-11-11 22:09:37.385431']; alias=default
[DEBUG] 2025-11-11 22:09:37,392 - django.db.backends: (0.002) INSERT INTO `django_migrations` (`app`, `name`, `applied`) VALUES ('auth', '0008_alter_user_username_max_length', '2025-11-11 22:09:37.390680'); args=['auth', '0008_alter_user_username_max_length', '2025-11-11 22:09:37.390680']; alias=default
[DEBUG] 2025-11-11 22:09:37,397 - django.db.backends: (0.002) INSERT INTO `django_migrations` (`app`, `name`, `applied`) VALUES ('auth', '0009_alter_user_last_name_max_length', '2025-11-11 22:09:37.395596'); args=['auth', '0009_alter_user_last_name_max_length', '2025-11-11 22:09:37.395596']; alias=default
[DEBUG] 2025-11-11 22:09:37,399 - django.db.backends.schema: ALTER TABLE `auth_group` MODIFY `name` varchar(150) NOT NULL; (params [])
[DEBUG] 2025-11-11 22:09:37,405 - django.db.backends: (0.005) ALTER TABLE `auth_group` MODIFY `name` varchar(150) NOT NULL; args=[]; alias=default
[DEBUG] 2025-11-11 22:09:37,407 - django.db.backends: (0.002) INSERT INTO `django_migrations` (`app`, `name`, `applied`) VALUES ('auth', '0010_alter_group_name_max_length', '2025-11-11 22:09:37.405649'); args=['auth', '0010_alter_group_name_max_length', '2025-11-11 22:09:37.405649']; alias=default
[DEBUG] 2025-11-11 22:09:37,408 - django.db.backends: (0.000) BEGIN; args=None; alias=default
[DEBUG] 2025-11-11 22:09:37,410 - django.db.backends: (0.000) COMMIT; args=None; alias=default
[DEBUG] 2025-11-11 22:09:37,413 - django.db.backends: (0.002) INSERT INTO `django_migrations` (`app`, `name`, `applied`) VALUES ('auth', '0011_update_proxy_permissions', '2025-11-11 22:09:37.411460'); args=['auth', '0011_update_proxy_permissions', '2025-11-11 22:09:37.411460']; alias=default
[DEBUG] 2025-11-11 22:09:37,417 - django.db.backends: (0.002) INSERT INTO `django_migrations` (`app`, `name`, `applied`) VALUES ('auth', '0012_alter_user_first_name_max_length', '2025-11-11 22:09:37.415615'); args=['auth', '0012_alter_user_first_name_max_length', '2025-11-11 22:09:37.415615']; alias=default
[DEBUG] 2025-11-11 22:09:37,418 - django.db.backends.schema: CREATE TABLE `api_producto` (`nombre` varchar(100) NOT NULL, `descripcion` longtext NULL, `precio` numeric(10, 2) NOT NULL, `stock` integer NOT NULL, `id_producto` integer AUTO_INCREMENT NOT NULL PRIMARY KEY); (params None)
[DEBUG] 2025-11-11 22:09:37,431 - django.db.backends: (0.012) CREATE TABLE `api_producto` (`nombre` varchar(100) NOT NULL, `descripcion` longtext NULL, `precio` numeric(10, 2) NOT NULL, `stock` integer NOT NULL, `id_producto` integer AUTO_INCREMENT NOT NULL PRIMARY KEY); args=None; alias=default
[DEBUG] 2025-11-11 22:09:37,432 - django.db.backends.schema: CREATE TABLE `api_usuario` (`nombre` varchar(100) NOT NULL, `apellido` varchar(60) NOT NULL, `email` varchar(254) NOT NULL UNIQUE, `password` varchar(40) NOT NULL, `id_usuario` integer AUTO_INCREMENT NOT NULL PRIMARY KEY, `empleado` bool NOT NULL); (params None)
[DEBUG] 2025-11-11 22:09:37,448 - django.db.backends: (0.015) CREATE TABLE `api_usuario` (`nombre` varchar(100) NOT NULL, `apellido` varchar(60) NOT NULL, `email` varchar(254) NOT NULL UNIQUE, `password` varchar(40) NOT NULL, `id_usuario` integer AUTO_INCREMENT NOT NULL PRIMARY KEY, `empleado` bool NOT NULL); args=None; alias=default
[DEBUG] 2025-11-11 22:09:37,452 - django.db.backends.schema: CREATE TABLE `api_customuser` (`id` bigint AUTO_INCREMENT NOT NULL PRIMARY KEY, `password` varchar(128) NOT NULL, `last_login` datetime(6) NULL, `is_superuser` bool NOT NULL, `username` varchar(150) NOT NULL UNIQUE, `first_name` varchar(150) NOT NULL, `last_name` varchar(150) NOT NULL, `email` varchar(254) NOT NULL, `is_staff` bool NOT NULL, `is_active` bool NOT NULL, `date_joined` datetime(6) NOT NULL, `phone` varchar(15) NULL, `address` varchar(255) NULL, `birth_date` date NULL); (params None)
[DEBUG] 2025-11-11 22:09:37,469 - django.db.backends: (0.017) CREATE TABLE `api_customuser` (`id` bigint AUTO_INCREMENT NOT NULL PRIMARY KEY, `password` varchar(128) NOT NULL, `last_login` datetime(6) NULL, `is_superuser` bool NOT NULL, `username` varchar(150) NOT NULL UNIQUE, `first_name` varchar(150) NOT NULL, `last_name` varchar(150) NOT NULL, `email` varchar(254) NOT NULL, `is_staff` bool NOT NULL, `is_active` bool NOT NULL, `date_joined` datetime(6) NOT NULL, `phone` varchar(15) NULL, `address` varchar(255) NULL, `birth_date` date NULL); args=None; alias=default
[DEBUG] 2025-11-11 22:09:37,469 - django.db.backends.schema: CREATE TABLE `api_customuser_groups` (`id` bigint AUTO_INCREMENT NOT NULL PRIMARY KEY, `customuser_id` bigint NOT NULL, `group_id` integer NOT NULL); (params None)
[DEBUG] 2025-11-11 22:09:37,483 - django.db.backends: (0.013) CREATE TABLE `api_customuser_groups` (`id` bigint AUTO_INCREMENT NOT NULL PRIMARY KEY, `customuser_id` bigint NOT NULL, `group_id` integer NOT NULL); args=None; alias=default
[DEBUG] 2025-11-11 22:09:37,484 - django.db.backends: (0.001) 
            SELECT engine
            FROM information_schema.tables
            WHERE
                table_name = 'api_customuser_groups' AND
                table_schema = DATABASE()
            ; args=['api_customuser_groups']; alias=default
[DEBUG] 2025-11-11 22:09:37,485 - django.db.backends: (0.000) 
            SELECT engine
            FROM information_schema.tables
            WHERE
                table_name = 'api_customuser_groups' AND
                table_schema = DATABASE()
            ; args=['api_customuser_groups']; alias=default
[DEBUG] 2025-11-11 22:09:37,486 - django.db.backends.schema: CREATE TABLE `api_customuser_user_permissions` (`id` bigint AUTO_INCREMENT NOT NULL PRIMARY KEY, `customuser_id` bigint NOT NULL, `permission_id` integer NOT NULL); (params None)
[DEBUG] 2025-11-11 22:09:37,500 - django.db.backends: (0.014) CREATE TABLE `api_customuser_user_permissions` (`id` bigint AUTO_INCREMENT NOT NULL PRIMARY KEY, `customuser_id` bigint NOT NULL, `permission_id` integer NOT NULL); args=None; alias=default
[DEBUG] 2025-11-11 22:09:37,501 - django.db.backends: (0.001) 
            SELECT engine
            FROM information_schema.tables
            WHERE
                table_name = 'api_customuser_user_permissions' AND
                table_schema = DATABASE()
            ; args=['api_customuser_user_permissions']; alias=default
[DEBUG] 2025-11-11 22:09:37,502 - django.db.backends: (0.000) 
            SELECT engine
            FROM information_schema.tables
            WHERE
                table_name = 'api_customuser_user_permissions' AND
                table_schema = DATABASE()
            ; args=['api_customuser_user_permissions']; alias=default
[DEBUG] 2025-11-11 22:09:37,504 - django.db.backends.schema: CREATE TABLE `api_pedido` (`cantidad` integer UNSIGNED NOT NULL CHECK (`cantidad` >= 0), `fecha_pedido` datetime(6) NOT NULL, `id_pedido` integer AUTO_INCREMENT NOT NULL PRIMARY KEY, `precio_total` numeric(10, 2) NULL, `estado` varchar(20) NOT NULL, `producto_id` integer NOT NULL, `usuario_id` integer NOT NULL); (params None)
[DEBUG] 2025-11-11 22:09:37,517 - django.db.backends: (0.013) CREATE TABLE `api_pedido` (`cantidad` integer UNSIGNED NOT NULL CHECK (`cantidad` >= 0), `fecha_pedido` datetime(6) NOT NULL, `id_pedido` integer AUTO_INCREMENT NOT NULL PRIMARY KEY, `precio_total` numeric(10, 2) NULL, `estado` varchar(20) NOT NULL, `producto_id` integer NOT NULL, `usuario_id` integer NOT NULL); args=None; alias=default
[DEBUG] 2025-11-11 22:09:37,518 - django.db.backends: (0.001) 
            SELECT engine
            FROM information_schema.tables
            WHERE
                table_name = 'api_pedido' AND
                table_schema = DATABASE()
            ; args=['api_pedido']; alias=default
[DEBUG] 2025-11-11 22:09:37,519 - django.db.backends: (0.000) 
            SELECT engine
            FROM information_schema.tables
            WHERE
                table_name = 'api_pedido' AND
                table_schema = DATABASE()
            ; args=['api_pedido']; alias=default
[DEBUG] 2025-11-11 22:09:37,519 - django.db.backends.schema: ALTER TABLE `api_customuser_groups` ADD CONSTRAINT `api_customuser_groups_customuser_id_group_id_d5b0c2ab_uniq` UNIQUE (`customuser_id`, `group_id`); (params None)
[DEBUG] 2025-11-11 22:09:37,530 - django.db.backends: (0.010) ALTER TABLE `api_customuser_groups` ADD CONSTRAINT `api_customuser_groups_customuser_id_group_id_d5b0c2ab_uniq` UNIQUE (`customuser_id`, `group_id`); args=None; alias=default
[DEBUG] 2025-11-11 22:09:37,531 - django.db.backends.schema: ALTER TABLE `api_customuser_groups` ADD CONSTRAINT `api_customuser_group_customuser_id_9eb4b783_fk_api_custo` FOREIGN KEY (`customuser_id`) REFERENCES `api_customuser` (`id`); (params None)
[DEBUG] 2025-11-11 22:09:37,567 - django.db.backends: (0.036) ALTER TABLE `api_customuser_groups` ADD CONSTRAINT `api_customuser_group_customuser_id_9eb4b783_fk_api_custo` FOREIGN KEY (`customuser_id`) REFERENCES `api_customuser` (`id`); args=None; alias=default
[DEBUG] 2025-11-11 22:09:37,568 - django.db.backends.schema: ALTER TABLE `api_customuser_groups` ADD CONSTRAINT `api_customuser_groups_group_id_f049027c_fk_auth_group_id` FOREIGN KEY (`group_id`) REFERENCES `auth_group` (`id`); (params None)
[DEBUG] 2025-11-11 22:09:37,603 - django.db.backends: (0.035) ALTER TABLE `api_customuser_groups` ADD CONSTRAINT `api_customuser_groups_group_id_f049027c_fk_auth_group_id` FOREIGN KEY (`group_id`) REFERENCES `auth_group` (`id`); args=None; alias=default
[DEBUG] 2025-11-11 22:09:37,604 - django.db.backends.schema: ALTER TABLE `api_customuser_user_permissions` ADD CONSTRAINT `api_customuser_user_perm_customuser_id_permission_9deacd8d_uniq` UNIQUE (`customuser_id`, `permission_id`); (params None)
[DEBUG] 2025-11-11 22:09:37,613 - django.db.backends: (0.009) ALTER TABLE `api_customuser_user_permissions` ADD CONSTRAINT `api_customuser_user_perm_customuser_id_permission_9deacd8d_uniq` UNIQUE (`customuser_id`, `permission_id`); args=None; alias=default
[DEBUG] 2025-11-11 22:09:37,613 - django.db.backends.schema: ALTER TABLE `api_customuser_user_permissions` ADD CONSTRAINT `api_customuser_user__customuser_id_5365c9ba_fk_api_custo` FOREIGN KEY (`customuser_id`) REFERENCES `api_customuser` (`id`); (params None)
[DEBUG] 2025-11-11 22:09:37,648 - django.db.backends: (0.034) ALTER TABLE `api_customuser_user_permissions` ADD CONSTRAINT `api_customuser_user__customuser_id_5365c9ba_fk_api_custo` FOREIGN KEY (`customuser_id`) REFERENCES `api_customuser` (`id`); args=None; alias=default
[DEBUG] 2025-11-11 22:09:37,648 - django.db.backends.schema: ALTER TABLE `api_customuser_user_permissions` ADD CONSTRAINT `api_customuser_user__permission_id_8735d73e_fk_auth_perm` FOREIGN KEY (`permission_id`) REFERENCES `auth_permission` (`id`); (params None)
[DEBUG] 2025-11-11 22:09:37,687 - django.db.backends: (0.039) ALTER TABLE `api_customuser_user_permissions` ADD CONSTRAINT `api_customuser_user__permission_id_8735d73e_fk_auth_perm` FOREIGN KEY (`permission_id`) REFERENCES `auth_permission` (`id`); args=None; alias=default
[DEBUG] 2025-11-11 22:09:37,688 - django.db.backends.schema: ALTER TABLE `api_pedido` ADD CONSTRAINT `api_pedido_producto_id_8283951a_fk_api_producto_id_producto` FOREIGN KEY (`producto_id`) REFERENCES `api_producto` (`id_producto`); (params None)
[DEBUG] 2025-11-11 22:09:37,728 - django.db.backends: (0.039) ALTER TABLE `api_pedido` ADD CONSTRAINT `api_pedido_producto_id_8283951a_fk_api_producto_id_producto` FOREIGN KEY (`producto_id`) REFERENCES `api_producto` (`id_producto`); args=None; alias=default
[DEBUG] 2025-11-11 22:09:37,729 - django.db.backends.schema: ALTER TABLE `api_pedido` ADD CONSTRAINT `api_pedido_usuario_id_6f75f6bd_fk_api_usuario_id_usuario` FOREIGN KEY (`usuario_id`) REFERENCES `api_usuario` (`id_usuario`); (params None)
[DEBUG] 2025-11-11 22:09:37,769 - django.db.backends: (0.040) ALTER TABLE `api_pedido` ADD CONSTRAINT `api_pedido_usuario_id_6f75f6bd_fk_api_usuario_id_usuario` FOREIGN KEY (`usuario_id`) REFERENCES `api_usuario` (`id_usuario`); args=None; alias=default
[DEBUG] 2025-11-11 22:09:37,773 - django.db.backends: (0.003) INSERT INTO `django_migrations` (`app`, `name`, `applied`) VALUES ('api', '0001_initial', '2025-11-11 22:09:37.770078'); args=['api', '0001_initial', '2025-11-11 22:09:37.770078']; alias=default
[DEBUG] 2025-11-11 22:09:37,777 - django.db.backends.schema: CREATE TABLE `django_admin_log` (`id` integer AUTO_INCREMENT NOT NULL PRIMARY KEY, `action_time` datetime(6) NOT NULL, `object_id` longtext NULL, `object_repr` varchar(200) NOT NULL, `action_flag` smallint UNSIGNED NOT NULL CHECK (`action_flag` >= 0), `change_message` longtext NOT NULL, `content_type_id` integer NULL, `user_id` bigint NOT NULL); (params None)
[DEBUG] 2025-11-11 22:09:37,793 - django.db.backends: (0.015) CREATE TABLE `django_admin_log` (`id` integer AUTO_INCREMENT NOT NULL PRIMARY KEY, `action_time` datetime(6) NOT NULL, `object_id` longtext NULL, `object_repr` varchar(200) NOT NULL, `action_flag` smallint UNSIGNED NOT NULL CHECK (`action_flag` >= 0), `change_message` longtext NOT NULL, `content_type_id` integer NULL, `user_id` bigint NOT NULL); args=None; alias=default
[DEBUG] 2025-11-11 22:09:37,795 - django.db.backends: (0.001) 
            SELECT engine
            FROM information_schema.tables
            WHERE
                table_name = 'django_admin_log' AND
                table_schema = DATABASE()
            ; args=['django_admin_log']; alias=default
[DEBUG] 2025-11-11 22:09:37,796 - django.db.backends: (0.001) 
            SELECT engine
            FROM information_schema.tables
            WHERE
                table_name = 'django_admin_log' AND
                table_schema = DATABASE()
            ; args=['django_admin_log']; alias=default
[DEBUG] 2025-11-11 22:09:37,797 - django.db.backends.schema: ALTER TABLE `django_admin_log` ADD CONSTRAINT `django_admin_log_content_type_id_c4bce8eb_fk_django_co` FOREIGN KEY (`content_type_id`) REFERENCES `django_content_type` (`id`); (params None)
[DEBUG] 2025-11-11 22:09:37,836 - django.db.backends: (0.039) ALTER TABLE `django_admin_log` ADD CONSTRAINT `django_admin_log_content_type_id_c4bce8eb_fk_django_co` FOREIGN KEY (`content_type_id`) REFERENCES `django_content_type` (`id`); args=None; alias=default
[DEBUG] 2025-11-11 22:09:37,836 - django.db.backends.schema: ALTER TABLE `django_admin_log` ADD CONSTRAINT `django_admin_log_user_id_c564eba6_fk_api_customuser_id` FOREIGN KEY (`user_id`) REFERENCES `api_customuser` (`id`); (params None)
[DEBUG] 2025-11-11 22:09:37,877 - django.db.backends: (0.040) ALTER TABLE `django_admin_log` ADD CONSTRAINT `django_admin_log_user_id_c564eba6_fk_api_customuser_id` FOREIGN KEY (`user_id`) REFERENCES `api_customuser` (`id`); args=None; alias=default
[DEBUG] 2025-11-11 22:09:37,880 - django.db.backends: (0.002) INSERT INTO `django_migrations` (`app`, `name`, `applied`) VALUES ('admin', '0001_initial', '2025-11-11 22:09:37.878287'); args=['admin', '0001_initial', '2025-11-11 22:09:37.878287']; alias=default
[DEBUG] 2025-11-11 22:09:37,888 - django.db.backends: (0.002) INSERT INTO `django_migrations` (`app`, `name`, `applied`) VALUES ('admin', '0002_logentry_remove_auto_add', '2025-11-11 22:09:37.885721'); args=['admin', '0002_logentry_remove_auto_add', '2025-11-11 22:09:37.885721']; alias=default
[DEBUG] 2025-11-11 22:09:37,893 - django.db.backends: (0.002) INSERT INTO `django_migrations` (`app`, `name`, `applied`) VALUES ('admin', '0003_logentry_add_action_flag_choices', '2025-11-11 22:09:37.891378'); args=['admin', '0003_logentry_add_action_flag_choices', '2025-11-11 22:09:37.891378']; alias=default
[DEBUG] 2025-11-11 22:09:37,894 - django.db.backends.schema: CREATE TABLE `django_session` (`session_key` varchar(40) NOT NULL PRIMARY KEY, `session_data` longtext NOT NULL, `expire_date` datetime(6) NOT NULL); (params None)
[DEBUG] 2025-11-11 22:09:37,907 - django.db.backends: (0.012) CREATE TABLE `django_session` (`session_key` varchar(40) NOT NULL PRIMARY KEY, `session_data` longtext NOT NULL, `expire_date` datetime(6) NOT NULL); args=None; alias=default
[DEBUG] 2025-11-11 22:09:37,908 - django.db.backends: (0.001) 
            SELECT engine
            FROM information_schema.tables
            WHERE
                table_name = 'django_session' AND
                table_schema = DATABASE()
            ; args=['django_session']; alias=default
[DEBUG] 2025-11-11 22:09:37,909 - django.db.backends.schema: CREATE INDEX `django_session_expire_date_a5c62663` ON `django_session` (`expire_date`); (params None)
[DEBUG] 2025-11-11 22:09:37,918 - django.db.backends: (0.009) CREATE INDEX `django_session_expire_date_a5c62663` ON `django_session` (`expire_date`); args=None; alias=default
[DEBUG] 2025-11-11 22:09:37,921 - django.db.backends: (0.002) INSERT INTO `django_migrations` (`app`, `name`, `applied`) VALUES ('sessions', '0001_initial', '2025-11-11 22:09:37.919522'); args=['sessions', '0001_initial', '2025-11-11 22:09:37.919522']; alias=default
[DEBUG] 2025-11-11 22:09:37,922 - django.db.backends: (0.000) SELECT `django_migrations`.`id`, `django_migrations`.`app`, `django_migrations`.`name`, `django_migrations`.`applied` FROM `django_migrations`; args=(); alias=default
[DEBUG] 2025-11-11 22:09:37,927 - django.db.backends: (0.000) SELECT `django_content_type`.`id`, `django_content_type`.`app_label`, `django_content_type`.`model` FROM `django_content_type` WHERE `django_content_type`.`app_label` = 'admin'; args=('admin',); alias=default
[DEBUG] 2025-11-11 22:09:37,928 - django.db.backends: (0.000) BEGIN; args=None; alias=default
[DEBUG] 2025-11-11 22:09:37,929 - django.db.backends: (0.000) INSERT INTO `django_content_type` (`app_label`, `model`) VALUES ('admin', 'logentry'); args=('admin', 'logentry'); alias=default
[DEBUG] 2025-11-11 22:09:37,931 - django.db.backends: (0.002) COMMIT; args=None; alias=default
[DEBUG] 2025-11-11 22:09:37,933 - django.db.backends: (0.000) SELECT `django_content_type`.`id`, `django_content_type`.`app_label`, `django_content_type`.`model` FROM `django_content_type` WHERE (`django_content_type`.`app_label` = 'admin' AND `django_content_type`.`model` IN ('logentry')); args=('admin', 'logentry'); alias=default
[DEBUG] 2025-11-11 22:09:37,935 - django.db.backends: (0.001) SELECT `auth_permission`.`content_type_id` AS `content_type`, `auth_permission`.`codename` AS `codename` FROM `auth_permission` INNER JOIN `django_content_type` ON (`auth_permission`.`content_type_id` = `django_content_type`.`id`) WHERE `auth_permission`.`content_type_id` IN (1) ORDER BY `django_content_type`.`app_label` ASC, `django_content_type`.`model` ASC, 2 ASC; args=(1,); alias=default
[DEBUG] 2025-11-11 22:09:37,936 - django.db.backends: (0.000) BEGIN; args=None; alias=default
[DEBUG] 2025-11-11 22:09:37,936 - django.db.backends: (0.000) INSERT INTO `auth_permission` (`name`, `content_type_id`, `codename`) VALUES ('Can add log entry', 1, 'add_logentry'), ('Can change log entry', 1, 'change_logentry'), ('Can delete log entry', 1, 'delete_logentry'), ('Can view log entry', 1, 'view_logentry'); args=('Can add log entry', 1, 'add_logentry', 'Can change log entry', 1, 'change_logentry', 'Can delete log entry', 1, 'delete_logentry', 'Can view log entry', 1, 'view_logentry'); alias=default
[DEBUG] 2025-11-11 22:09:37,939 - django.db.backends: (0.002) COMMIT; args=None; alias=default
[DEBUG] 2025-11-11 22:09:37,940 - django.db.backends: (0.000) SELECT `django_content_type`.`id`, `django_content_type`.`app_label`, `django_content_type`.`model` FROM `django_content_type` WHERE `django_content_type`.`app_label` = 'admin'; args=('admin',); alias=default
[DEBUG] 2025-11-11 22:09:37,941 - django.db.backends: (0.000) SELECT `django_content_type`.`id`, `django_content_type`.`app_label`, `django_content_type`.`model` FROM `django_content_type` WHERE `django_content_type`.`app_label` = 'auth'; args=('auth',); alias=default
[DEBUG] 2025-11-11 22:09:37,941 - django.db.backends: (0.000) BEGIN; args=None; alias=default
[DEBUG] 2025-11-11 22:09:37,942 - django.db.backends: (0.000) INSERT INTO `django_content_type` (`app_label`, `model`) VALUES ('auth', 'permission'), ('auth', 'group'); args=('auth', 'permission', 'auth', 'group'); alias=default
[DEBUG] 2025-11-11 22:09:37,945 - django.db.backends: (0.003) COMMIT; args=None; alias=default
[DEBUG] 2025-11-11 22:09:37,946 - django.db.backends: (0.000) SELECT `django_content_type`.`id`, `django_content_type`.`app_label`, `django_content_type`.`model` FROM `django_content_type` WHERE (`django_content_type`.`app_label` = 'auth' AND `django_content_type`.`model` IN ('group', 'permission')); args=('auth', 'group', 'permission'); alias=default
[DEBUG] 2025-11-11 22:09:37,947 - django.db.backends: (0.000) SELECT `auth_permission`.`content_type_id` AS `content_type`, `auth_permission`.`codename` AS `codename` FROM `auth_permission` INNER JOIN `django_content_type` ON (`auth_permission`.`content_type_id` = `django_content_type`.`id`) WHERE `auth_permission`.`content_type_id` IN (2, 3) ORDER BY `django_content_type`.`app_label` ASC, `django_content_type`.`model` ASC, 2 ASC; args=(2, 3); alias=default
[DEBUG] 2025-11-11 22:09:37,948 - django.db.backends: (0.000) BEGIN; args=None; alias=default
[DEBUG] 2025-11-11 22:09:37,948 - django.db.backends: (0.000) INSERT INTO `auth_permission` (`name`, `content_type_id`, `codename`) VALUES ('Can add permission', 2, 'add_permission'), ('Can change permission', 2, 'change_permission'), ('Can delete permission', 2, 'delete_permission'), ('Can view permission', 2, 'view_permission'), ('Can add group', 3, 'add_group'), ('Can change group', 3, 'change_group'), ('Can delete group', 3, 'delete_group'), ('Can view group', 3, 'view_group'); args=('Can add permission', 2, 'add_permission', 'Can change permission', 2, 'change_permission', 'Can delete permission', 2, 'delete_permission', 'Can view permission', 2, 'view_permission', 'Can add group', 3, 'add_group', 'Can change group', 3, 'change_group', 'Can delete group', 3, 'delete_group', 'Can view group', 3, 'view_group'); alias=default
[DEBUG] 2025-11-11 22:09:37,951 - django.db.backends: (0.002) COMMIT; args=None; alias=default
[DEBUG] 2025-11-11 22:09:37,951 - django.db.backends: (0.000) SELECT `django_content_type`.`id`, `django_content_type`.`app_label`, `django_content_type`.`model` FROM `django_content_type` WHERE `django_content_type`.`app_label` = 'auth'; args=('auth',); alias=default
[DEBUG] 2025-11-11 22:09:37,952 - django.db.backends: (0.000) SELECT `django_content_type`.`id`, `django_content_type`.`app_label`, `django_content_type`.`model` FROM `django_content_type` WHERE `django_content_type`.`app_label` = 'contenttypes'; args=('contenttypes',); alias=default
[DEBUG] 2025-11-11 22:09:37,953 - django.db.backends: (0.000) BEGIN; args=None; alias=default
[DEBUG] 2025-11-11 22:09:37,953 - django.db.backends: (0.000) INSERT INTO `django_content_type` (`app_label`, `model`) VALUES ('contenttypes', 'contenttype'); args=('contenttypes', 'contenttype'); alias=default
[DEBUG] 2025-11-11 22:09:37,955 - django.db.backends: (0.002) COMMIT; args=None; alias=default
[DEBUG] 2025-11-11 22:09:37,956 - django.db.backends: (0.000) SELECT `django_content_type`.`id`, `django_content_type`.`app_label`, `django_content_type`.`model` FROM `django_content_type` WHERE (`django_content_type`.`app_label` = 'contenttypes' AND `django_content_type`.`model` IN ('contenttype')); args=('contenttypes', 'contenttype'); alias=default
[DEBUG] 2025-11-11 22:09:37,957 - django.db.backends: (0.000) SELECT `auth_permission`.`content_type_id` AS `content_type`, `auth_permission`.`codename` AS `codename` FROM `auth_permission` INNER JOIN `django_content_type` ON (`auth_permission`.`content_type_id` = `django_content_type`.`id`) WHERE `auth_permission`.`content_type_id` IN (4) ORDER BY `django_content_type`.`app_label` ASC, `django_content_type`.`model` ASC, 2 ASC; args=(4,); alias=default
[DEBUG] 2025-11-11 22:09:37,958 - django.db.backends: (0.000) BEGIN; args=None; alias=default
[DEBUG] 2025-11-11 22:09:37,959 - django.db.backends: (0.000) INSERT INTO `auth_permission` (`name`, `content_type_id`, `codename`) VALUES ('Can add content type', 4, 'add_contenttype'), ('Can change content type', 4, 'change_contenttype'), ('Can delete content type', 4, 'delete_contenttype'), ('Can view content type', 4, 'view_contenttype'); args=('Can add content type', 4, 'add_contenttype', 'Can change content type', 4, 'change_contenttype', 'Can delete content type', 4, 'delete_contenttype', 'Can view content type', 4, 'view_contenttype'); alias=default
[DEBUG] 2025-11-11 22:09:37,962 - django.db.backends: (0.002) COMMIT; args=None; alias=default
[DEBUG] 2025-11-11 22:09:37,963 - django.db.backends: (0.000) SELECT `django_content_type`.`id`, `django_content_type`.`app_label`, `django_content_type`.`model` FROM `django_content_type` WHERE `django_content_type`.`app_label` = 'contenttypes'; args=('contenttypes',); alias=default
[DEBUG] 2025-11-11 22:09:37,964 - django.db.backends: (0.000) SELECT `django_content_type`.`id`, `django_content_type`.`app_label`, `django_content_type`.`model` FROM `django_content_type` WHERE `django_content_type`.`app_label` = 'sessions'; args=('sessions',); alias=default
[DEBUG] 2025-11-11 22:09:37,964 - django.db.backends: (0.000) BEGIN; args=None; alias=default
[DEBUG] 2025-11-11 22:09:37,965 - django.db.backends: (0.000) INSERT INTO `django_content_type` (`app_label`, `model`) VALUES ('sessions', 'session'); args=('sessions', 'session'); alias=default
[DEBUG] 2025-11-11 22:09:37,967 - django.db.backends: (0.002) COMMIT; args=None; alias=default
[DEBUG] 2025-11-11 22:09:37,968 - django.db.backends: (0.000) SELECT `django_content_type`.`id`, `django_content_type`.`app_label`, `django_content_type`.`model` FROM `django_content_type` WHERE (`django_content_type`.`app_label` = 'sessions' AND `django_content_type`.`model` IN ('session')); args=('sessions', 'session'); alias=default
[DEBUG] 2025-11-11 22:09:37,969 - django.db.backends: (0.000) SELECT `auth_permission`.`content_type_id` AS `content_type`, `auth_permission`.`codename` AS `codename` FROM `auth_permission` INNER JOIN `django_content_type` ON (`auth_permission`.`content_type_id` = `django_content_type`.`id`) WHERE `auth_permission`.`content_type_id` IN (5) ORDER BY `django_content_type`.`app_label` ASC, `django_content_type`.`model` ASC, 2 ASC; args=(5,); alias=default
[DEBUG] 2025-11-11 22:09:37,970 - django.db.backends: (0.000) BEGIN; args=None; alias=default
[DEBUG] 2025-11-11 22:09:37,970 - django.db.backends: (0.000) INSERT INTO `auth_permission` (`name`, `content_type_id`, `codename`) VALUES ('Can add session', 5, 'add_session'), ('Can change session', 5, 'change_session'), ('Can delete session', 5, 'delete_session'), ('Can view session', 5, 'view_session'); args=('Can add session', 5, 'add_session', 'Can change session', 5, 'change_session', 'Can delete session', 5, 'delete_session', 'Can view session', 5, 'view_session'); alias=default
[DEBUG] 2025-11-11 22:09:37,973 - django.db.backends: (0.002) COMMIT; args=None; alias=default
[DEBUG] 2025-11-11 22:09:37,974 - django.db.backends: (0.000) SELECT `django_content_type`.`id`, `django_content_type`.`app_label`, `django_content_type`.`model` FROM `django_content_type` WHERE `django_content_type`.`app_label` = 'sessions'; args=('sessions',); alias=default
[DEBUG] 2025-11-11 22:09:37,974 - django.db.backends: (0.000) SELECT `django_content_type`.`id`, `django_content_type`.`app_label`, `django_content_type`.`model` FROM `django_content_type` WHERE `django_content_type`.`app_label` = 'rest_framework_simplejwt'; args=('rest_framework_simplejwt',); alias=default
[DEBUG] 2025-11-11 22:09:37,975 - django.db.backends: (0.000) SELECT `django_content_type`.`id`, `django_content_type`.`app_label`, `django_content_type`.`model` FROM `django_content_type` WHERE `django_content_type`.`app_label` = 'rest_framework_simplejwt'; args=('rest_framework_simplejwt',); alias=default
[DEBUG] 2025-11-11 22:09:37,976 - django.db.backends: (0.000) SELECT `django_content_type`.`id`, `django_content_type`.`app_label`, `django_content_type`.`model` FROM `django_content_type` WHERE `django_content_type`.`app_label` = 'api'; args=('api',); alias=default
[DEBUG] 2025-11-11 22:09:37,977 - django.db.backends: (0.000) BEGIN; args=None; alias=default
[DEBUG] 2025-11-11 22:09:37,977 - django.db.backends: (0.000) INSERT INTO `django_content_type` (`app_label`, `model`) VALUES ('api', 'producto'), ('api', 'usuario'), ('api', 'customuser'), ('api', 'pedido'); args=('api', 'producto', 'api', 'usuario', 'api', 'customuser', 'api', 'pedido'); alias=default
[DEBUG] 2025-11-11 22:09:37,979 - django.db.backends: (0.002) COMMIT; args=None; alias=default
[DEBUG] 2025-11-11 22:09:37,980 - django.db.backends: (0.000) SELECT `django_content_type`.`id`, `django_content_type`.`app_label`, `django_content_type`.`model` FROM `django_content_type` WHERE (`django_content_type`.`app_label` = 'api' AND `django_content_type`.`model` IN ('usuario', 'pedido', 'customuser', 'producto')); args=('api', 'usuario', 'pedido', 'customuser', 'producto'); alias=default
[DEBUG] 2025-11-11 22:09:37,981 - django.db.backends: (0.000) SELECT `auth_permission`.`content_type_id` AS `content_type`, `auth_permission`.`codename` AS `codename` FROM `auth_permission` INNER JOIN `django_content_type` ON (`auth_permission`.`content_type_id` = `django_content_type`.`id`) WHERE `auth_permission`.`content_type_id` IN (8, 9, 6, 7) ORDER BY `django_content_type`.`app_label` ASC, `django_content_type`.`model` ASC, 2 ASC; args=(8, 9, 6, 7); alias=default
[DEBUG] 2025-11-11 22:09:37,982 - django.db.backends: (0.000) BEGIN; args=None; alias=default
[DEBUG] 2025-11-11 22:09:37,983 - django.db.backends: (0.000) INSERT INTO `auth_permission` (`name`, `content_type_id`, `codename`) VALUES ('Can add producto', 6, 'add_producto'), ('Can change producto', 6, 'change_producto'), ('Can delete producto', 6, 'delete_producto'), ('Can view producto', 6, 'view_producto'), ('Can add usuario', 7, 'add_usuario'), ('Can change usuario', 7, 'change_usuario'), ('Can delete usuario', 7, 'delete_usuario'), ('Can view usuario', 7, 'view_usuario'), ('Can add user', 8, 'add_customuser'), ('Can change user', 8, 'change_customuser'), ('Can delete user', 8, 'delete_customuser'), ('Can view user', 8, 'view_customuser'), ('Can add pedido', 9, 'add_pedido'), ('Can change pedido', 9, 'change_pedido'), ('Can delete pedido', 9, 'delete_pedido'), ('Can view pedido', 9, 'view_pedido'); args=('Can add producto', 6, 'add_producto', 'Can change producto', 6, 'change_producto', 'Can delete producto', 6, 'delete_producto', 'Can view producto', 6, 'view_producto', 'Can add usuario', 7, 'add_usuario', 'Can change usuario', 7, 'change_usuario', 'Can delete usuario', 7, 'delete_usuario', 'Can view usuario', 7, 'view_usuario', 'Can add user', 8, 'add_customuser', 'Can change user', 8, 'change_customuser', 'Can delete user', 8, 'delete_customuser', 'Can view user', 8, 'view_customuser', 'Can add pedido', 9, 'add_pedido', 'Can change pedido', 9, 'change_pedido', 'Can delete pedido', 9, 'delete_pedido', 'Can view pedido', 9, 'view_pedido'); alias=default
[DEBUG] 2025-11-11 22:09:37,985 - django.db.backends: (0.002) COMMIT; args=None; alias=default
[DEBUG] 2025-11-11 22:09:37,986 - django.db.backends: (0.000) SELECT `django_content_type`.`id`, `django_content_type`.`app_label`, `django_content_type`.`model` FROM `django_content_type` WHERE `django_content_type`.`app_label` = 'api'; args=('api',); alias=default
[DEBUG] 2025-11-11 22:09:39,168 - django.db.backends: (0.000) 
                SELECT VERSION(),
                       @@sql_mode,
                       @@default_storage_engine,
                       @@sql_auto_is_null,
                       @@lower_case_table_names,
                       CONVERT_TZ('2001-01-01 01:00:00', 'UTC', 'UTC') IS NOT NULL
            ; args=None; alias=default
[DEBUG] 2025-11-11 22:09:39,169 - django.db.backends: (0.000) SET SESSION TRANSACTION ISOLATION LEVEL READ COMMITTED; args=None; alias=default
[DEBUG] 2025-11-11 22:09:39,170 - django.db.backends: (0.001) 
            SELECT
                table_name,
                table_type,
                table_comment
            FROM information_schema.tables
            WHERE table_schema = DATABASE()
            ; args=None; alias=default
[DEBUG] 2025-11-11 22:09:39,173 - django.db.backends: (0.000) SELECT `django_migrations`.`id`, `django_migrations`.`app`, `django_migrations`.`name`, `django_migrations`.`applied` FROM `django_migrations`; args=(); alias=default
[WARNING] 2025-11-11 22:10:27,054 - django.request: Not Found: /favicon.ico
[WARNING] 2025-11-11 22:10:27,054 - django.server: "GET /favicon.ico HTTP/1.1" 404 3322
[DEBUG] 2025-11-11 22:10:35,287 - django.db.backends: (0.000) 
                SELECT VERSION(),
                       @@sql_mode,
                       @@default_storage_engine,
                       @@sql_auto_is_null,
                       @@lower_case_table_names,
                       CONVERT_TZ('2001-01-01 01:00:00', 'UTC', 'UTC') IS NOT NULL
            ; args=None; alias=default
[DEBUG] 2025-11-11 22:10:35,288 - django.db.backends: (0.000) SET SESSION TRANSACTION ISOLATION LEVEL READ COMMITTED; args=None; alias=default
[DEBUG] 2025-11-11 22:10:35,289 - django.db.backends: (0.001) SELECT `api_customuser`.`id`, `api_customuser`.`password`, `api_customuser`.`last_login`, `api_customuser`.`is_superuser`, `api_customuser`.`username`, `api_customuser`.`first_name`, `api_customuser`.`last_name`, `api_customuser`.`email`, `api_customuser`.`is_staff`, `api_customuser`.`is_active`, `api_customuser`.`date_joined`, `api_customuser`.`phone`, `api_customuser`.`address`, `api_customuser`.`birth_date` FROM `api_customuser` WHERE `api_customuser`.`username` = 'admin' LIMIT 21; args=('admin',); alias=default
[DEBUG] 2025-11-11 22:10:39,477 - django.db.backends: (0.000) 
                SELECT VERSION(),
                       @@sql_mode,
                       @@default_storage_engine,
                       @@sql_auto_is_null,
                       @@lower_case_table_names,
                       CONVERT_TZ('2001-01-01 01:00:00', 'UTC', 'UTC') IS NOT NULL
            ; args=None; alias=default
[DEBUG] 2025-11-11 22:10:39,478 - django.db.backends: (0.000) SET SESSION TRANSACTION ISOLATION LEVEL READ COMMITTED; args=None; alias=default
[DEBUG] 2025-11-11 22:10:39,479 - django.db.backends: (0.000) SELECT `api_customuser`.`id`, `api_customuser`.`password`, `api_customuser`.`last_login`, `api_customuser`.`is_superuser`, `api_customuser`.`username`, `api_customuser`.`first_name`, `api_customuser`.`last_name`, `api_customuser`.`email`, `api_customuser`.`is_staff`, `api_customuser`.`is_active`, `api_customuser`.`date_joined`, `api_customuser`.`phone`, `api_customuser`.`address`, `api_customuser`.`birth_date` FROM `api_customuser` WHERE `api_customuser`.`username` = 'admin' LIMIT 21; args=('admin',); alias=default
[DEBUG] 2025-11-11 22:11:29,269 - django.db.backends: (0.000) SET SESSION TRANSACTION ISOLATION LEVEL READ COMMITTED; args=None; alias=default
[DEBUG] 2025-11-11 22:11:29,270 - django.db.backends: (0.000) SELECT `api_customuser`.`id`, `api_customuser`.`password`, `api_customuser`.`last_login`, `api_customuser`.`is_superuser`, `api_customuser`.`username`, `api_customuser`.`first_name`, `api_customuser`.`last_name`, `api_customuser`.`email`, `api_customuser`.`is_staff`, `api_customuser`.`is_active`, `api_customuser`.`date_joined`, `api_customuser`.`phone`, `api_customuser`.`address`, `api_customuser`.`birth_date` FROM `api_customuser` WHERE `api_customuser`.`username` = 'admin@admin.com' LIMIT 21; args=('admin@admin.com',); alias=default
[DEBUG] 2025-11-11 22:11:35,351 - django.db.backends: (0.000) 
                SELECT VERSION(),
                       @@sql_mode,
                       @@default_storage_engine,
                       @@sql_auto_is_null,
                       @@lower_case_table_names,
                       CONVERT_TZ('2001-01-01 01:00:00', 'UTC', 'UTC') IS NOT NULL
            ; args=None; alias=default
[DEBUG] 2025-11-11 22:11:35,352 - django.db.backends: (0.000) SET SESSION TRANSACTION ISOLATION LEVEL READ COMMITTED; args=None; alias=default
[DEBUG] 2025-11-11 22:11:35,352 - django.db.backends: (0.000) SELECT `api_customuser`.`id`, `api_customuser`.`password`, `api_customuser`.`last_login`, `api_customuser`.`is_superuser`, `api_customuser`.`username`, `api_customuser`.`first_name`, `api_customuser`.`last_name`, `api_customuser`.`email`, `api_customuser`.`is_staff`, `api_customuser`.`is_active`, `api_customuser`.`date_joined`, `api_customuser`.`phone`, `api_customuser`.`address`, `api_customuser`.`birth_date` FROM `api_customuser` WHERE `api_customuser`.`username` = 'admin@admin.com' LIMIT 21; args=('admin@admin.com',); alias=default
